{"name": "Able to perform Advance Search user all", "status": "broken", "statusDetails": {"message": "selenium.common.exceptions.NoSuchElementException: Message: no such element: Unable to locate element: {\"method\":\"xpath\",\"selector\":\"//input[@name='username']\"}\n  (Session info: chrome=140.0.7339.128); For documentation on this error, please visit: https://www.selenium.dev/documentation/webdriver/troubleshooting/errors#nosuchelementexception\nStacktrace:\n\tGetHandleVerifier [0x0x7ff7e54e30f5+79493]\n\tGetHandleVerifier [0x0x7ff7e54e3150+79584]\n\t(No symbol) [0x0x7ff7e52601ba]\n\t(No symbol) [0x0x7ff7e52b8067]\n\t(No symbol) [0x0x7ff7e52b832c]\n\t(No symbol) [0x0x7ff7e530be27]\n\t(No symbol) [0x0x7ff7e52e074f]\n\t(No symbol) [0x0x7ff7e5308b8b]\n\t(No symbol) [0x0x7ff7e52e04e3]\n\t(No symbol) [0x0x7ff7e52a8e92]\n\t(No symbol) [0x0x7ff7e52a9c63]\n\tGetHandleVerifier [0x0x7ff7e57a0dbd+2954061]\n\tGetHandleVerifier [0x0x7ff7e579b02a+2930106]\n\tGetHandleVerifier [0x0x7ff7e57bb357+3061991]\n\tGetHandleVerifier [0x0x7ff7e54fd60e+187294]\n\tGetHandleVerifier [0x0x7ff7e550557f+219919]\n\tGetHandleVerifier [0x0x7ff7e54ec294+116772]\n\tGetHandleVerifier [0x0x7ff7e54ec449+117209]\n\tGetHandleVerifier [0x0x7ff7e54d2618+11176]\n\tBaseThreadInitThunk [0x0x7ffc25c9e8d7+23]\n\tRtlUserThreadStart [0x0x7ffc27628d9c+44]\n\n", "trace": "  File \"C:\\Users\\KiranThakur\\PycharmProjects\\behaveBDDProject\\.venv1\\Lib\\site-packages\\behave\\model.py\", line 1991, in run\n    match.run(runner.context)\n    ~~~~~~~~~^^^^^^^^^^^^^^^^\n  File \"C:\\Users\\KiranThakur\\PycharmProjects\\behaveBDDProject\\.venv1\\Lib\\site-packages\\behave\\matchers.py\", line 105, in run\n    self.func(context, *args, **kwargs)\n    ~~~~~~~~~^^^^^^^^^^^^^^^^^^^^^^^^^^\n  File \"features\\steps\\orangehrmsteps.py\", line 34, in enterUsernamePassword\n    context.driver.find_element(By.XPATH,\"//input[@name='username']\").send_keys(user)\n    ~~~~~~~~~~~~~~~~~~~~~~~~~~~^^^^^^^^^^^^^^^^^^^^^^^^^^^^^^^^^^^^^^\n  File \"C:\\Users\\KiranThakur\\PycharmProjects\\behaveBDDProject\\.venv1\\Lib\\site-packages\\selenium\\webdriver\\remote\\webdriver.py\", line 926, in find_element\n    return self.execute(Command.FIND_ELEMENT, {\"using\": by, \"value\": value})[\"value\"]\n           ~~~~~~~~~~~~^^^^^^^^^^^^^^^^^^^^^^^^^^^^^^^^^^^^^^^^^^^^^^^^^^^^^\n  File \"C:\\Users\\KiranThakur\\PycharmProjects\\behaveBDDProject\\.venv1\\Lib\\site-packages\\selenium\\webdriver\\remote\\webdriver.py\", line 458, in execute\n    self.error_handler.check_response(response)\n    ~~~~~~~~~~~~~~~~~~~~~~~~~~~~~~~~~^^^^^^^^^^\n  File \"C:\\Users\\KiranThakur\\PycharmProjects\\behaveBDDProject\\.venv1\\Lib\\site-packages\\selenium\\webdriver\\remote\\errorhandler.py\", line 232, in check_response\n    raise exception_class(message, screen, stacktrace)\n"}, "steps": [{"name": "Given launch chrome browser", "status": "passed", "start": 1758271609285, "stop": 1758271610578}, {"name": "When open orange hrm homepage", "status": "passed", "start": 1758271610578, "stop": 1758271615538}, {"name": "And Enter username \"Admin\" and password \"admin123\"", "status": "broken", "statusDetails": {"message": "selenium.common.exceptions.NoSuchElementException: Message: no such element: Unable to locate element: {\"method\":\"xpath\",\"selector\":\"//input[@name='username']\"}\n  (Session info: chrome=140.0.7339.128); For documentation on this error, please visit: https://www.selenium.dev/documentation/webdriver/troubleshooting/errors#nosuchelementexception\nStacktrace:\n\tGetHandleVerifier [0x0x7ff7e54e30f5+79493]\n\tGetHandleVerifier [0x0x7ff7e54e3150+79584]\n\t(No symbol) [0x0x7ff7e52601ba]\n\t(No symbol) [0x0x7ff7e52b8067]\n\t(No symbol) [0x0x7ff7e52b832c]\n\t(No symbol) [0x0x7ff7e530be27]\n\t(No symbol) [0x0x7ff7e52e074f]\n\t(No symbol) [0x0x7ff7e5308b8b]\n\t(No symbol) [0x0x7ff7e52e04e3]\n\t(No symbol) [0x0x7ff7e52a8e92]\n\t(No symbol) [0x0x7ff7e52a9c63]\n\tGetHandleVerifier [0x0x7ff7e57a0dbd+2954061]\n\tGetHandleVerifier [0x0x7ff7e579b02a+2930106]\n\tGetHandleVerifier [0x0x7ff7e57bb357+3061991]\n\tGetHandleVerifier [0x0x7ff7e54fd60e+187294]\n\tGetHandleVerifier [0x0x7ff7e550557f+219919]\n\tGetHandleVerifier [0x0x7ff7e54ec294+116772]\n\tGetHandleVerifier [0x0x7ff7e54ec449+117209]\n\tGetHandleVerifier [0x0x7ff7e54d2618+11176]\n\tBaseThreadInitThunk [0x0x7ffc25c9e8d7+23]\n\tRtlUserThreadStart [0x0x7ffc27628d9c+44]\n\n", "trace": "  File \"C:\\Users\\KiranThakur\\PycharmProjects\\behaveBDDProject\\.venv1\\Lib\\site-packages\\behave\\model.py\", line 1991, in run\n    match.run(runner.context)\n    ~~~~~~~~~^^^^^^^^^^^^^^^^\n  File \"C:\\Users\\KiranThakur\\PycharmProjects\\behaveBDDProject\\.venv1\\Lib\\site-packages\\behave\\matchers.py\", line 105, in run\n    self.func(context, *args, **kwargs)\n    ~~~~~~~~~^^^^^^^^^^^^^^^^^^^^^^^^^^\n  File \"features\\steps\\orangehrmsteps.py\", line 34, in enterUsernamePassword\n    context.driver.find_element(By.XPATH,\"//input[@name='username']\").send_keys(user)\n    ~~~~~~~~~~~~~~~~~~~~~~~~~~~^^^^^^^^^^^^^^^^^^^^^^^^^^^^^^^^^^^^^^\n  File \"C:\\Users\\KiranThakur\\PycharmProjects\\behaveBDDProject\\.venv1\\Lib\\site-packages\\selenium\\webdriver\\remote\\webdriver.py\", line 926, in find_element\n    return self.execute(Command.FIND_ELEMENT, {\"using\": by, \"value\": value})[\"value\"]\n           ~~~~~~~~~~~~^^^^^^^^^^^^^^^^^^^^^^^^^^^^^^^^^^^^^^^^^^^^^^^^^^^^^\n  File \"C:\\Users\\KiranThakur\\PycharmProjects\\behaveBDDProject\\.venv1\\Lib\\site-packages\\selenium\\webdriver\\remote\\webdriver.py\", line 458, in execute\n    self.error_handler.check_response(response)\n    ~~~~~~~~~~~~~~~~~~~~~~~~~~~~~~~~~^^^^^^^^^^\n  File \"C:\\Users\\KiranThakur\\PycharmProjects\\behaveBDDProject\\.venv1\\Lib\\site-packages\\selenium\\webdriver\\remote\\errorhandler.py\", line 232, in check_response\n    raise exception_class(message, screen, stacktrace)\n"}, "start": 1758271615538, "stop": 1758271617577}, {"name": "And click on Login button", "status": "skipped", "start": 1758271617579, "stop": 1758271617580}, {"name": "When navigate to advance search page", "status": "skipped", "start": 1758271617580, "stop": 1758271617580}, {"name": "Then advance search page should display", "status": "skipped", "start": 1758271617580, "stop": 1758271617580}], "start": 1758271609284, "stop": 1758271617580, "uuid": "1ecb1c7e-ad44-4ab4-b86e-4c6ad1af1dd6", "historyId": "bf37a937522f84f3bfaa2f954bb92291", "fullName": "OrangeHRM Login to site: Able to perform Advance Search user all", "labels": [{"name": "severity", "value": "normal"}, {"name": "feature", "value": "OrangeHRM Login to site"}, {"name": "framework", "value": "behave"}, {"name": "language", "value": "cpython3"}], "titlePath": ["features", "OrangeHRM Login to site"]}