{"uid":"ff1e14ae37693d12","name":"Able to perform Advance Search user all","fullName":"OrangeHRM Login to site: Able to perform Advance Search user all","historyId":"bf37a937522f84f3bfaa2f954bb92291","time":{"start":1758271609284,"stop":1758271617580,"duration":8296},"status":"broken","statusMessage":"selenium.common.exceptions.NoSuchElementException: Message: no such element: Unable to locate element: {\"method\":\"xpath\",\"selector\":\"//input[@name='username']\"}\n  (Session info: chrome=140.0.7339.128); For documentation on this error, please visit: https://www.selenium.dev/documentation/webdriver/troubleshooting/errors#nosuchelementexception\nStacktrace:\n\tGetHandleVerifier [0x0x7ff7e54e30f5+79493]\n\tGetHandleVerifier [0x0x7ff7e54e3150+79584]\n\t(No symbol) [0x0x7ff7e52601ba]\n\t(No symbol) [0x0x7ff7e52b8067]\n\t(No symbol) [0x0x7ff7e52b832c]\n\t(No symbol) [0x0x7ff7e530be27]\n\t(No symbol) [0x0x7ff7e52e074f]\n\t(No symbol) [0x0x7ff7e5308b8b]\n\t(No symbol) [0x0x7ff7e52e04e3]\n\t(No symbol) [0x0x7ff7e52a8e92]\n\t(No symbol) [0x0x7ff7e52a9c63]\n\tGetHandleVerifier [0x0x7ff7e57a0dbd+2954061]\n\tGetHandleVerifier [0x0x7ff7e579b02a+2930106]\n\tGetHandleVerifier [0x0x7ff7e57bb357+3061991]\n\tGetHandleVerifier [0x0x7ff7e54fd60e+187294]\n\tGetHandleVerifier [0x0x7ff7e550557f+219919]\n\tGetHandleVerifier [0x0x7ff7e54ec294+116772]\n\tGetHandleVerifier [0x0x7ff7e54ec449+117209]\n\tGetHandleVerifier [0x0x7ff7e54d2618+11176]\n\tBaseThreadInitThunk [0x0x7ffc25c9e8d7+23]\n\tRtlUserThreadStart [0x0x7ffc27628d9c+44]\n\n","statusTrace":"  File \"C:\\Users\\KiranThakur\\PycharmProjects\\behaveBDDProject\\.venv1\\Lib\\site-packages\\behave\\model.py\", line 1991, in run\n    match.run(runner.context)\n    ~~~~~~~~~^^^^^^^^^^^^^^^^\n  File \"C:\\Users\\KiranThakur\\PycharmProjects\\behaveBDDProject\\.venv1\\Lib\\site-packages\\behave\\matchers.py\", line 105, in run\n    self.func(context, *args, **kwargs)\n    ~~~~~~~~~^^^^^^^^^^^^^^^^^^^^^^^^^^\n  File \"features\\steps\\orangehrmsteps.py\", line 34, in enterUsernamePassword\n    context.driver.find_element(By.XPATH,\"//input[@name='username']\").send_keys(user)\n    ~~~~~~~~~~~~~~~~~~~~~~~~~~~^^^^^^^^^^^^^^^^^^^^^^^^^^^^^^^^^^^^^^\n  File \"C:\\Users\\KiranThakur\\PycharmProjects\\behaveBDDProject\\.venv1\\Lib\\site-packages\\selenium\\webdriver\\remote\\webdriver.py\", line 926, in find_element\n    return self.execute(Command.FIND_ELEMENT, {\"using\": by, \"value\": value})[\"value\"]\n           ~~~~~~~~~~~~^^^^^^^^^^^^^^^^^^^^^^^^^^^^^^^^^^^^^^^^^^^^^^^^^^^^^\n  File \"C:\\Users\\KiranThakur\\PycharmProjects\\behaveBDDProject\\.venv1\\Lib\\site-packages\\selenium\\webdriver\\remote\\webdriver.py\", line 458, in execute\n    self.error_handler.check_response(response)\n    ~~~~~~~~~~~~~~~~~~~~~~~~~~~~~~~~~^^^^^^^^^^\n  File \"C:\\Users\\KiranThakur\\PycharmProjects\\behaveBDDProject\\.venv1\\Lib\\site-packages\\selenium\\webdriver\\remote\\errorhandler.py\", line 232, in check_response\n    raise exception_class(message, screen, stacktrace)\n","flaky":false,"newFailed":false,"newBroken":false,"newPassed":false,"retriesCount":0,"retriesStatusChange":false,"beforeStages":[],"testStage":{"status":"broken","statusMessage":"selenium.common.exceptions.NoSuchElementException: Message: no such element: Unable to locate element: {\"method\":\"xpath\",\"selector\":\"//input[@name='username']\"}\n  (Session info: chrome=140.0.7339.128); For documentation on this error, please visit: https://www.selenium.dev/documentation/webdriver/troubleshooting/errors#nosuchelementexception\nStacktrace:\n\tGetHandleVerifier [0x0x7ff7e54e30f5+79493]\n\tGetHandleVerifier [0x0x7ff7e54e3150+79584]\n\t(No symbol) [0x0x7ff7e52601ba]\n\t(No symbol) [0x0x7ff7e52b8067]\n\t(No symbol) [0x0x7ff7e52b832c]\n\t(No symbol) [0x0x7ff7e530be27]\n\t(No symbol) [0x0x7ff7e52e074f]\n\t(No symbol) [0x0x7ff7e5308b8b]\n\t(No symbol) [0x0x7ff7e52e04e3]\n\t(No symbol) [0x0x7ff7e52a8e92]\n\t(No symbol) [0x0x7ff7e52a9c63]\n\tGetHandleVerifier [0x0x7ff7e57a0dbd+2954061]\n\tGetHandleVerifier [0x0x7ff7e579b02a+2930106]\n\tGetHandleVerifier [0x0x7ff7e57bb357+3061991]\n\tGetHandleVerifier [0x0x7ff7e54fd60e+187294]\n\tGetHandleVerifier [0x0x7ff7e550557f+219919]\n\tGetHandleVerifier [0x0x7ff7e54ec294+116772]\n\tGetHandleVerifier [0x0x7ff7e54ec449+117209]\n\tGetHandleVerifier [0x0x7ff7e54d2618+11176]\n\tBaseThreadInitThunk [0x0x7ffc25c9e8d7+23]\n\tRtlUserThreadStart [0x0x7ffc27628d9c+44]\n\n","statusTrace":"  File \"C:\\Users\\KiranThakur\\PycharmProjects\\behaveBDDProject\\.venv1\\Lib\\site-packages\\behave\\model.py\", line 1991, in run\n    match.run(runner.context)\n    ~~~~~~~~~^^^^^^^^^^^^^^^^\n  File \"C:\\Users\\KiranThakur\\PycharmProjects\\behaveBDDProject\\.venv1\\Lib\\site-packages\\behave\\matchers.py\", line 105, in run\n    self.func(context, *args, **kwargs)\n    ~~~~~~~~~^^^^^^^^^^^^^^^^^^^^^^^^^^\n  File \"features\\steps\\orangehrmsteps.py\", line 34, in enterUsernamePassword\n    context.driver.find_element(By.XPATH,\"//input[@name='username']\").send_keys(user)\n    ~~~~~~~~~~~~~~~~~~~~~~~~~~~^^^^^^^^^^^^^^^^^^^^^^^^^^^^^^^^^^^^^^\n  File \"C:\\Users\\KiranThakur\\PycharmProjects\\behaveBDDProject\\.venv1\\Lib\\site-packages\\selenium\\webdriver\\remote\\webdriver.py\", line 926, in find_element\n    return self.execute(Command.FIND_ELEMENT, {\"using\": by, \"value\": value})[\"value\"]\n           ~~~~~~~~~~~~^^^^^^^^^^^^^^^^^^^^^^^^^^^^^^^^^^^^^^^^^^^^^^^^^^^^^\n  File \"C:\\Users\\KiranThakur\\PycharmProjects\\behaveBDDProject\\.venv1\\Lib\\site-packages\\selenium\\webdriver\\remote\\webdriver.py\", line 458, in execute\n    self.error_handler.check_response(response)\n    ~~~~~~~~~~~~~~~~~~~~~~~~~~~~~~~~~^^^^^^^^^^\n  File \"C:\\Users\\KiranThakur\\PycharmProjects\\behaveBDDProject\\.venv1\\Lib\\site-packages\\selenium\\webdriver\\remote\\errorhandler.py\", line 232, in check_response\n    raise exception_class(message, screen, stacktrace)\n","steps":[{"name":"Given launch chrome browser","time":{"start":1758271609285,"stop":1758271610578,"duration":1293},"status":"passed","steps":[],"attachments":[],"parameters":[],"shouldDisplayMessage":false,"attachmentsCount":0,"hasContent":false,"stepsCount":0,"attachmentStep":false},{"name":"When open orange hrm homepage","time":{"start":1758271610578,"stop":1758271615538,"duration":4960},"status":"passed","steps":[],"attachments":[],"parameters":[],"shouldDisplayMessage":false,"attachmentsCount":0,"hasContent":false,"stepsCount":0,"attachmentStep":false},{"name":"And Enter username \"Admin\" and password \"admin123\"","time":{"start":1758271615538,"stop":1758271617577,"duration":2039},"status":"broken","statusMessage":"selenium.common.exceptions.NoSuchElementException: Message: no such element: Unable to locate element: {\"method\":\"xpath\",\"selector\":\"//input[@name='username']\"}\n  (Session info: chrome=140.0.7339.128); For documentation on this error, please visit: https://www.selenium.dev/documentation/webdriver/troubleshooting/errors#nosuchelementexception\nStacktrace:\n\tGetHandleVerifier [0x0x7ff7e54e30f5+79493]\n\tGetHandleVerifier [0x0x7ff7e54e3150+79584]\n\t(No symbol) [0x0x7ff7e52601ba]\n\t(No symbol) [0x0x7ff7e52b8067]\n\t(No symbol) [0x0x7ff7e52b832c]\n\t(No symbol) [0x0x7ff7e530be27]\n\t(No symbol) [0x0x7ff7e52e074f]\n\t(No symbol) [0x0x7ff7e5308b8b]\n\t(No symbol) [0x0x7ff7e52e04e3]\n\t(No symbol) [0x0x7ff7e52a8e92]\n\t(No symbol) [0x0x7ff7e52a9c63]\n\tGetHandleVerifier [0x0x7ff7e57a0dbd+2954061]\n\tGetHandleVerifier [0x0x7ff7e579b02a+2930106]\n\tGetHandleVerifier [0x0x7ff7e57bb357+3061991]\n\tGetHandleVerifier [0x0x7ff7e54fd60e+187294]\n\tGetHandleVerifier [0x0x7ff7e550557f+219919]\n\tGetHandleVerifier [0x0x7ff7e54ec294+116772]\n\tGetHandleVerifier [0x0x7ff7e54ec449+117209]\n\tGetHandleVerifier [0x0x7ff7e54d2618+11176]\n\tBaseThreadInitThunk [0x0x7ffc25c9e8d7+23]\n\tRtlUserThreadStart [0x0x7ffc27628d9c+44]\n\n","statusTrace":"  File \"C:\\Users\\KiranThakur\\PycharmProjects\\behaveBDDProject\\.venv1\\Lib\\site-packages\\behave\\model.py\", line 1991, in run\n    match.run(runner.context)\n    ~~~~~~~~~^^^^^^^^^^^^^^^^\n  File \"C:\\Users\\KiranThakur\\PycharmProjects\\behaveBDDProject\\.venv1\\Lib\\site-packages\\behave\\matchers.py\", line 105, in run\n    self.func(context, *args, **kwargs)\n    ~~~~~~~~~^^^^^^^^^^^^^^^^^^^^^^^^^^\n  File \"features\\steps\\orangehrmsteps.py\", line 34, in enterUsernamePassword\n    context.driver.find_element(By.XPATH,\"//input[@name='username']\").send_keys(user)\n    ~~~~~~~~~~~~~~~~~~~~~~~~~~~^^^^^^^^^^^^^^^^^^^^^^^^^^^^^^^^^^^^^^\n  File \"C:\\Users\\KiranThakur\\PycharmProjects\\behaveBDDProject\\.venv1\\Lib\\site-packages\\selenium\\webdriver\\remote\\webdriver.py\", line 926, in find_element\n    return self.execute(Command.FIND_ELEMENT, {\"using\": by, \"value\": value})[\"value\"]\n           ~~~~~~~~~~~~^^^^^^^^^^^^^^^^^^^^^^^^^^^^^^^^^^^^^^^^^^^^^^^^^^^^^\n  File \"C:\\Users\\KiranThakur\\PycharmProjects\\behaveBDDProject\\.venv1\\Lib\\site-packages\\selenium\\webdriver\\remote\\webdriver.py\", line 458, in execute\n    self.error_handler.check_response(response)\n    ~~~~~~~~~~~~~~~~~~~~~~~~~~~~~~~~~^^^^^^^^^^\n  File \"C:\\Users\\KiranThakur\\PycharmProjects\\behaveBDDProject\\.venv1\\Lib\\site-packages\\selenium\\webdriver\\remote\\errorhandler.py\", line 232, in check_response\n    raise exception_class(message, screen, stacktrace)\n","steps":[],"attachments":[],"parameters":[],"shouldDisplayMessage":true,"attachmentsCount":0,"hasContent":true,"stepsCount":0,"attachmentStep":false},{"name":"And click on Login button","time":{"start":1758271617579,"stop":1758271617580,"duration":1},"status":"skipped","steps":[],"attachments":[],"parameters":[],"shouldDisplayMessage":false,"attachmentsCount":0,"hasContent":false,"stepsCount":0,"attachmentStep":false},{"name":"When navigate to advance search page","time":{"start":1758271617580,"stop":1758271617580,"duration":0},"status":"skipped","steps":[],"attachments":[],"parameters":[],"shouldDisplayMessage":false,"attachmentsCount":0,"hasContent":false,"stepsCount":0,"attachmentStep":false},{"name":"Then advance search page should display","time":{"start":1758271617580,"stop":1758271617580,"duration":0},"status":"skipped","steps":[],"attachments":[],"parameters":[],"shouldDisplayMessage":false,"attachmentsCount":0,"hasContent":false,"stepsCount":0,"attachmentStep":false}],"attachments":[],"parameters":[],"shouldDisplayMessage":false,"attachmentsCount":0,"hasContent":true,"stepsCount":6,"attachmentStep":false},"afterStages":[],"labels":[{"name":"severity","value":"normal"},{"name":"feature","value":"OrangeHRM Login to site"},{"name":"framework","value":"behave"},{"name":"language","value":"cpython3"},{"name":"resultFormat","value":"allure2"}],"parameters":[],"links":[],"hidden":true,"retry":true,"extra":{"categories":[],"tags":[]},"source":"ff1e14ae37693d12.json","parameterValues":[]}